<?xml version="1.0" encoding="UTF-8"?>
<!-- Generated by org.testng.reporters.JUnitReportReporter -->
<testsuite hostname="197nodnb11637t1" failures="0" tests="5" name="com.resproject1.testcases.TC001_Get_All_Employees" time="0.079" errors="0" timestamp="02 May 2020 06:55:22 GMT" skipped="0">
  <testcase classname="com.resproject1.testcases.TC001_Get_All_Employees" name="checkResposeBody" time="0.062"/>
  <testcase classname="com.resproject1.testcases.TC001_Get_All_Employees" name="checkcontentEncoding" time="0.002"/>
  <testcase classname="com.resproject1.testcases.TC001_Get_All_Employees" name="checkstatusLine" time="0.002"/>
  <testcase classname="com.resproject1.testcases.TC001_Get_All_Employees" name="checkStatusCode" time="0.002"/>
  <testcase classname="com.resproject1.testcases.TC001_Get_All_Employees" name="checkCookies" time="0.011"/>
</testsuite> <!-- com.resproject1.testcases.TC001_Get_All_Employees -->
